<?xml version="1.0" encoding="UTF-8"?>
<testsuite xmlns:xsi="http://www.w3.org/2001/XMLSchema-instance" xsi:noNamespaceSchemaLocation="https://maven.apache.org/surefire/maven-surefire-plugin/xsd/surefire-test-report-3.0.xsd" version="3.0" name="com.labjunit.TestCalculatrice" time="0.052" tests="16" errors="0" skipped="0" failures="0">
  <properties>
[...]
</properties>
  <testcase name="testPpcmNegative" classname="com.labjunit.TestCalculatrice" time="0.004"/>
  <testcase name="testSommeDesImpairs" classname="com.labjunit.TestCalculatrice" time="0.0"/>
  <testcase name="testPgcd" classname="com.labjunit.TestCalculatrice" time="0.0"/>
  <testcase name="testPpcm" classname="com.labjunit.TestCalculatrice" time="0.0"/>
  <testcase name="testSoustraction" classname="com.labjunit.TestCalculatrice" time="0.0"/>
  <testcase name="testFibonacci" classname="com.labjunit.TestCalculatrice" time="0.0"/>
  <testcase name="testFactorielle" classname="com.labjunit.TestCalculatrice" time="0.0"/>
  <testcase name="testMultiplication" classname="com.labjunit.TestCalculatrice" time="0.0"/>
  <testcase name="testAddition" classname="com.labjunit.TestCalculatrice" time="0.0"/>
  <testcase name="testSommeDesImpairsNegative" classname="com.labjunit.TestCalculatrice" time="0.0"/>
  <testcase name="testFibonacciNegative" classname="com.labjunit.TestCalculatrice" time="0.0"/>
  <testcase name="testPuissance" classname="com.labjunit.TestCalculatrice" time="0.0"/>
  <testcase name="testPgcdNegative" classname="com.labjunit.TestCalculatrice" time="0.001"/>
  <testcase name="testDivisionByZero" classname="com.labjunit.TestCalculatrice" time="0.0"/>
  <testcase name="testDivision" classname="com.labjunit.TestCalculatrice" time="0.0"/>
  <testcase name="testFactorielleNegative" classname="com.labjunit.TestCalculatrice" time="0.0"/>
</testsuite>